2025-08-14 09:19:46,758 - Aurora - INFO - Speech recognition configured with optimized settings
2025-08-14 09:19:46,845 - comtypes.client._code_cache - INFO - Imported existing <module 'comtypes.gen' from 'C:\\Users\\zaid1\\AppData\\Local\\Packages\\PythonSoftwareFoundation.Python.3.11_qbz5n2kfra8p0\\LocalCache\\local-packages\\Python311\\site-packages\\comtypes\\gen\\__init__.py'>
2025-08-14 09:19:46,845 - comtypes.client._code_cache - INFO - Using writeable comtypes cache directory: 'C:\Users\zaid1\AppData\Local\Packages\PythonSoftwareFoundation.Python.3.11_qbz5n2kfra8p0\LocalCache\local-packages\Python311\site-packages\comtypes\gen'
2025-08-14 09:19:47,107 - Aurora - INFO - TTS engine initialized with custom settings
2025-08-14 09:19:47,107 - Aurora - INFO - Aurora voice assistant initialized successfully
2025-08-14 09:19:47,123 - Aurora - INFO - Speaking: Hello! I'm Aurora, your enhanced voice assistant. I'm ready to help you with time, date, and general conversation. Say 'help' if you need guidance, or 'stop' to exit.
2025-08-14 09:20:20,131 - Aurora - INFO - Speech recognition configured with optimized settings
2025-08-14 09:20:20,223 - comtypes.client._code_cache - INFO - Imported existing <module 'comtypes.gen' from 'C:\\Users\\zaid1\\AppData\\Local\\Packages\\PythonSoftwareFoundation.Python.3.11_qbz5n2kfra8p0\\LocalCache\\local-packages\\Python311\\site-packages\\comtypes\\gen\\__init__.py'>
2025-08-14 09:20:20,223 - comtypes.client._code_cache - INFO - Using writeable comtypes cache directory: 'C:\Users\zaid1\AppData\Local\Packages\PythonSoftwareFoundation.Python.3.11_qbz5n2kfra8p0\LocalCache\local-packages\Python311\site-packages\comtypes\gen'
2025-08-14 09:20:20,479 - Aurora - INFO - TTS engine initialized with custom settings
2025-08-14 09:20:20,479 - Aurora - INFO - Aurora voice assistant initialized successfully
2025-08-14 09:20:20,480 - Aurora - INFO - Speaking: Hello! I'm Aurora, your enhanced voice assistant. I'm ready to help you with time, date, and general conversation. Say 'help' if you need guidance, or 'stop' to exit.
2025-08-14 09:20:37,144 - Aurora - INFO - User said: 'what is the time'
2025-08-14 09:20:37,184 - Aurora - INFO - Speaking: I didn't recognize that command. I can tell you the time, date, or you can ask for help to see what I can do.
2025-08-14 09:20:37,810 - Aurora - INFO - Unknown command received: 'what is the time'
2025-08-14 09:20:43,939 - Aurora - INFO - User said: 'what time is it'
2025-08-14 09:20:43,982 - Aurora - INFO - Speaking: The current time is 9:20 AM
2025-08-14 09:20:52,955 - Aurora - INFO - User said: 'what is the date today'
2025-08-14 09:20:52,995 - Aurora - INFO - Speaking: I didn't recognize that command. I can tell you the time, date, or you can ask for help to see what I can do.
2025-08-14 09:20:53,642 - Aurora - INFO - Unknown command received: 'what is the date today'
2025-08-14 09:21:00,606 - Aurora - INFO - User said: 'what is the date today'
2025-08-14 09:21:00,643 - Aurora - INFO - Speaking: I'm still learning! Right now I can help with time, date, and basic conversation. Try saying 'help' for more details.
2025-08-14 09:21:01,274 - Aurora - INFO - Unknown command received: 'what is the date today'
2025-08-14 09:21:07,661 - Aurora - INFO - User said: 'exit'
2025-08-14 09:21:07,697 - Aurora - INFO - Speaking: I'm still learning! Right now I can help with time, date, and basic conversation. Try saying 'help' for more details.
2025-08-14 09:21:08,327 - Aurora - ERROR - Eroor executing command 'exit'
2025-08-14 09:21:08,327 - Aurora - INFO - Speaking: I encountered an error while processing your request. Please try again.
2025-08-14 09:21:14,009 - Aurora - WARNING - Speech recognition failed - could not understand audio
2025-08-14 09:21:18,801 - Aurora - INFO - User said: 'shutdown'
2025-08-14 09:21:18,847 - Aurora - INFO - Speaking: I didn't recognize that command. I can tell you the time, date, or you can ask for help to see what I can do.
2025-08-14 09:21:19,479 - Aurora - INFO - Unknown command received: 'shutdown'
2025-08-14 09:21:24,258 - Aurora - WARNING - Speech recognition failed - could not understand audio
